2021-09-24 12:00:18 [INFO ] c.example.demo.GardenShopApplication - Starting GardenShopApplication using Java 15.0.1 on DESKTOP-QK42346 with PID 18400 (C:\work\sts-4.9.0.RELEASE-workspace\GardenShop\target\classes started by admin in C:\work\sts-4.9.0.RELEASE-workspace\GardenShop)
2021-09-24 12:00:18 [DEBUG] c.example.demo.GardenShopApplication - Running with Spring Boot v2.4.4, Spring v5.3.5
2021-09-24 12:00:18 [INFO ] c.example.demo.GardenShopApplication - No active profile set, falling back to default profiles: default
2021-09-24 12:00:18 [DEBUG] o.s.boot.SpringApplication - Loading source class com.example.demo.GardenShopApplication
2021-09-24 12:00:18 [DEBUG] o.s.b.d.restart.ChangeableUrls - Matching URLs for reloading : [file:/C:/work/sts-4.9.0.RELEASE-workspace/GardenShop/target/classes/]
2021-09-24 12:00:18 [DEBUG] o.s.b.d.settings.DevToolsSettings - Included patterns for restart : []
2021-09-24 12:00:18 [DEBUG] o.s.b.d.settings.DevToolsSettings - Excluded patterns for restart : [/spring-boot-starter-[\w-]+/, /spring-boot/(bin|build|out)/, /spring-boot-starter/(bin|build|out)/, /spring-boot-devtools/(bin|build|out)/, /spring-boot-actuator/(bin|build|out)/, /spring-boot-autoconfigure/(bin|build|out)/]
2021-09-24 12:00:18 [INFO ] o.s.b.d.e.DevToolsPropertyDefaultsPostProcessor - Devtools property defaults active! Set 'spring.devtools.add-properties' to 'false' to disable
2021-09-24 12:00:18 [INFO ] o.s.b.d.e.DevToolsPropertyDefaultsPostProcessor - For additional web related logging consider setting the 'logging.level.web' property to 'DEBUG'
2021-09-24 12:00:18 [DEBUG] o.s.b.w.s.c.AnnotationConfigServletWebServerApplicationContext - Refreshing org.springframework.boot.web.servlet.context.AnnotationConfigServletWebServerApplicationContext@20da6faf
2021-09-24 12:00:18 [DEBUG] o.s.b.f.s.DefaultListableBeanFactory - Creating shared instance of singleton bean 'org.springframework.context.annotation.internalConfigurationAnnotationProcessor'
2021-09-24 12:00:18 [DEBUG] o.s.b.f.s.DefaultListableBeanFactory - Creating shared instance of singleton bean 'org.springframework.boot.autoconfigure.internalCachingMetadataReaderFactory'
2021-09-24 12:00:18 [DEBUG] o.s.c.a.ClassPathBeanDefinitionScanner - Identified candidate component class: file [C:\work\sts-4.9.0.RELEASE-workspace\GardenShop\target\classes\com\example\demo\config\WebMvcConfig.class]
2021-09-24 12:00:18 [DEBUG] o.s.c.a.ClassPathBeanDefinitionScanner - Identified candidate component class: file [C:\work\sts-4.9.0.RELEASE-workspace\GardenShop\target\classes\com\example\demo\controller\UsrMainController.class]
2021-09-24 12:00:18 [DEBUG] o.s.c.a.ClassPathBeanDefinitionScanner - Identified candidate component class: file [C:\work\sts-4.9.0.RELEASE-workspace\GardenShop\target\classes\com\example\demo\interceptor\BeforeActionInterceptor.class]
2021-09-24 12:00:18 [DEBUG] o.s.c.a.ClassPathBeanDefinitionScanner - Identified candidate component class: file [C:\work\sts-4.9.0.RELEASE-workspace\GardenShop\target\classes\com\example\demo\interceptor\NeedAdminInterceptor.class]
2021-09-24 12:00:18 [DEBUG] o.s.c.a.ClassPathBeanDefinitionScanner - Identified candidate component class: file [C:\work\sts-4.9.0.RELEASE-workspace\GardenShop\target\classes\com\example\demo\interceptor\NeedLoginInterceptor.class]
2021-09-24 12:00:18 [DEBUG] o.s.c.a.ClassPathBeanDefinitionScanner - Identified candidate component class: file [C:\work\sts-4.9.0.RELEASE-workspace\GardenShop\target\classes\com\example\demo\interceptor\NeedLogoutInterceptor.class]
2021-09-24 12:00:18 [DEBUG] o.s.c.a.ClassPathBeanDefinitionScanner - Identified candidate component class: file [C:\work\sts-4.9.0.RELEASE-workspace\GardenShop\target\classes\com\example\demo\service\AttrService.class]
2021-09-24 12:00:18 [DEBUG] o.s.c.a.ClassPathBeanDefinitionScanner - Identified candidate component class: file [C:\work\sts-4.9.0.RELEASE-workspace\GardenShop\target\classes\com\example\demo\service\GenFileService.class]
2021-09-24 12:00:18 [DEBUG] o.s.c.a.ClassPathBeanDefinitionScanner - Identified candidate component class: file [C:\work\sts-4.9.0.RELEASE-workspace\GardenShop\target\classes\com\example\demo\service\MailService.class]
2021-09-24 12:00:18 [DEBUG] o.s.c.a.ClassPathBeanDefinitionScanner - Identified candidate component class: file [C:\work\sts-4.9.0.RELEASE-workspace\GardenShop\target\classes\com\example\demo\service\MemberService.class]
2021-09-24 12:00:18 [DEBUG] o.s.c.e.PropertySourcesPropertyResolver - Found key 'spring.template.provider.cache' in PropertySource 'configurationProperties' with value of type String
2021-09-24 12:00:18 [DEBUG] o.s.c.e.PropertySourcesPropertyResolver - Found key 'spring.mvc.view.prefix' in PropertySource 'configurationProperties' with value of type String
2021-09-24 12:00:18 [DEBUG] o.s.c.e.PropertySourcesPropertyResolver - Found key 'spring.mvc.view.suffix' in PropertySource 'configurationProperties' with value of type String
2021-09-24 12:00:18 [DEBUG] o.s.c.e.PropertySourcesPropertyResolver - Found key 'spring.jmx.enabled' in PropertySource 'configurationProperties' with value of type String
2021-09-24 12:00:18 [DEBUG] o.s.c.e.PropertySourcesPropertyResolver - Found key 'spring.datasource.url' in PropertySource 'configurationProperties' with value of type String
2021-09-24 12:00:18 [DEBUG] o.s.c.e.PropertySourcesPropertyResolver - Found key 'spring.jmx.enabled' in PropertySource 'configurationProperties' with value of type String
2021-09-24 12:00:18 [DEBUG] o.s.c.e.PropertySourcesPropertyResolver - Found key 'spring.application.admin.enabled' in PropertySource 'configurationProperties' with value of type String
2021-09-24 12:00:18 [DEBUG] o.s.c.e.PropertySourcesPropertyResolver - Found key 'spring.mail.host' in PropertySource 'configurationProperties' with value of type String
2021-09-24 12:00:18 [DEBUG] o.s.c.e.PropertySourcesPropertyResolver - Found key 'spring.mail.host' in PropertySource 'configurationProperties' with value of type String
2021-09-24 12:00:18 [DEBUG] o.s.c.a.ClassPathBeanDefinitionScanner - Identified candidate component class: URL [jar:file:/C:/Users/admin/.m2/repository/io/springfox/springfox-oas/3.0.0/springfox-oas-3.0.0.jar!/springfox/documentation/oas/web/OpenApiControllerWebMvc.class]
2021-09-24 12:00:18 [DEBUG] o.s.c.a.ClassPathBeanDefinitionScanner - Identified candidate component class: URL [jar:file:/C:/Users/admin/.m2/repository/io/springfox/springfox-oas/3.0.0/springfox-oas-3.0.0.jar!/springfox/documentation/oas/mappers/OasVendorExtensionsMapperImpl.class]
2021-09-24 12:00:18 [DEBUG] o.s.c.a.ClassPathBeanDefinitionScanner - Identified candidate component class: URL [jar:file:/C:/Users/admin/.m2/repository/io/springfox/springfox-oas/3.0.0/springfox-oas-3.0.0.jar!/springfox/documentation/oas/mappers/StyleEnumMapperImpl.class]
2021-09-24 12:00:18 [DEBUG] o.s.c.a.ClassPathBeanDefinitionScanner - Identified candidate component class: URL [jar:file:/C:/Users/admin/.m2/repository/io/springfox/springfox-oas/3.0.0/springfox-oas-3.0.0.jar!/springfox/documentation/oas/mappers/SecuritySchemeMapperImpl.class]
2021-09-24 12:00:18 [DEBUG] o.s.c.a.ClassPathBeanDefinitionScanner - Identified candidate component class: URL [jar:file:/C:/Users/admin/.m2/repository/io/springfox/springfox-oas/3.0.0/springfox-oas-3.0.0.jar!/springfox/documentation/oas/mappers/OasSecurityMapperImpl.class]
2021-09-24 12:00:18 [DEBUG] o.s.c.a.ClassPathBeanDefinitionScanner - Identified candidate component class: URL [jar:file:/C:/Users/admin/.m2/repository/io/springfox/springfox-oas/3.0.0/springfox-oas-3.0.0.jar!/springfox/documentation/oas/mappers/SchemaMapperImpl.class]
2021-09-24 12:00:18 [DEBUG] o.s.c.a.ClassPathBeanDefinitionScanner - Identified candidate component class: URL [jar:file:/C:/Users/admin/.m2/repository/io/springfox/springfox-oas/3.0.0/springfox-oas-3.0.0.jar!/springfox/documentation/oas/mappers/ExamplesMapperImpl.class]
2021-09-24 12:00:18 [DEBUG] o.s.c.a.ClassPathBeanDefinitionScanner - Identified candidate component class: URL [jar:file:/C:/Users/admin/.m2/repository/io/springfox/springfox-oas/3.0.0/springfox-oas-3.0.0.jar!/springfox/documentation/oas/mappers/ServiceModelToOpenApiMapperImpl.class]
2021-09-24 12:00:18 [DEBUG] o.s.c.a.ClassPathBeanDefinitionScanner - Identified candidate component class: URL [jar:file:/C:/Users/admin/.m2/repository/io/springfox/springfox-oas/3.0.0/springfox-oas-3.0.0.jar!/springfox/documentation/oas/mappers/OasLicenceMapper.class]
2021-09-24 12:00:18 [DEBUG] o.s.c.a.ClassPathBeanDefinitionScanner - Identified candidate component class: URL [jar:file:/C:/Users/admin/.m2/repository/io/springfox/springfox-spring-web/3.0.0/springfox-spring-web-3.0.0.jar!/springfox/documentation/spring/web/scanners/ApiListingReferenceScanner.class]
2021-09-24 12:00:18 [DEBUG] o.s.c.a.ClassPathBeanDefinitionScanner - Identified candidate component class: URL [jar:file:/C:/Users/admin/.m2/repository/io/springfox/springfox-spring-web/3.0.0/springfox-spring-web-3.0.0.jar!/springfox/documentation/spring/web/scanners/ApiDocumentationScanner.class]
2021-09-24 12:00:18 [DEBUG] o.s.c.a.ClassPathBeanDefinitionScanner - Identified candidate component class: URL [jar:file:/C:/Users/admin/.m2/repository/io/springfox/springfox-spring-web/3.0.0/springfox-spring-web-3.0.0.jar!/springfox/documentation/spring/web/scanners/ApiDescriptionReader.class]
2021-09-24 12:00:18 [DEBUG] o.s.c.a.ClassPathBeanDefinitionScanner - Identified candidate component class: URL [jar:file:/C:/Users/admin/.m2/repository/io/springfox/springfox-spring-web/3.0.0/springfox-spring-web-3.0.0.jar!/springfox/documentation/spring/web/scanners/ApiListingReader.class]
2021-09-24 12:00:18 [DEBUG] o.s.c.a.ClassPathBeanDefinitionScanner - Identified candidate component class: URL [jar:file:/C:/Users/admin/.m2/repository/io/springfox/springfox-spring-web/3.0.0/springfox-spring-web-3.0.0.jar!/springfox/documentation/spring/web/scanners/ApiModelSpecificationReader.class]
2021-09-24 12:00:18 [DEBUG] o.s.c.a.ClassPathBeanDefinitionScanner - Identified candidate component class: URL [jar:file:/C:/Users/admin/.m2/repository/io/springfox/springfox-spring-web/3.0.0/springfox-spring-web-3.0.0.jar!/springfox/documentation/spring/web/scanners/CachingOperationReader.class]
2021-09-24 12:00:18 [DEBUG] o.s.c.a.ClassPathBeanDefinitionScanner - Identified candidate component class: URL [jar:file:/C:/Users/admin/.m2/repository/io/springfox/springfox-spring-web/3.0.0/springfox-spring-web-3.0.0.jar!/springfox/documentation/spring/web/scanners/MediaTypeReader.class]
2021-09-24 12:00:18 [DEBUG] o.s.c.a.ClassPathBeanDefinitionScanner - Identified candidate component class: URL [jar:file:/C:/Users/admin/.m2/repository/io/springfox/springfox-spring-web/3.0.0/springfox-spring-web-3.0.0.jar!/springfox/documentation/spring/web/scanners/ApiListingScanner.class]
2021-09-24 12:00:18 [DEBUG] o.s.c.a.ClassPathBeanDefinitionScanner - Identified candidate component class: URL [jar:file:/C:/Users/admin/.m2/repository/io/springfox/springfox-spring-web/3.0.0/springfox-spring-web-3.0.0.jar!/springfox/documentation/spring/web/scanners/ApiModelReader.class]
2021-09-24 12:00:18 [DEBUG] o.s.c.a.ClassPathBeanDefinitionScanner - Identified candidate component class: URL [jar:file:/C:/Users/admin/.m2/repository/io/springfox/springfox-spring-web/3.0.0/springfox-spring-web-3.0.0.jar!/springfox/documentation/spring/web/scanners/ApiDescriptionLookup.class]
2021-09-24 12:00:18 [DEBUG] o.s.c.a.ClassPathBeanDefinitionScanner - Identified candidate component class: URL [jar:file:/C:/Users/admin/.m2/repository/io/springfox/springfox-spring-web/3.0.0/springfox-spring-web-3.0.0.jar!/springfox/documentation/spring/web/readers/operation/OperationModelsProvider.class]
2021-09-24 12:00:18 [DEBUG] o.s.c.a.ClassPathBeanDefinitionScanner - Identified candidate component class: URL [jar:file:/C:/Users/admin/.m2/repository/io/springfox/springfox-spring-web/3.0.0/springfox-spring-web-3.0.0.jar!/springfox/documentation/spring/web/readers/operation/OperationDeprecatedReader.class]
2021-09-24 12:00:18 [DEBUG] o.s.c.a.ClassPathBeanDefinitionScanner - Identified candidate component class: URL [jar:file:/C:/Users/admin/.m2/repository/io/springfox/springfox-spring-web/3.0.0/springfox-spring-web-3.0.0.jar!/springfox/documentation/spring/web/readers/operation/ResponseMessagesReader.class]
2021-09-24 12:00:18 [DEBUG] o.s.c.a.ClassPathBeanDefinitionScanner - Identified candidate component class: URL [jar:file:/C:/Users/admin/.m2/repository/io/springfox/springfox-spring-web/3.0.0/springfox-spring-web-3.0.0.jar!/springfox/documentation/spring/web/readers/operation/OperationParameterReader.class]
2021-09-24 12:00:18 [DEBUG] o.s.c.a.ClassPathBeanDefinitionScanner - Identified candidate component class: URL [jar:file:/C:/Users/admin/.m2/repository/io/springfox/springfox-spring-web/3.0.0/springfox-spring-web-3.0.0.jar!/springfox/documentation/spring/web/readers/operation/OperationTagsReader.class]
2021-09-24 12:00:18 [DEBUG] o.s.c.a.ClassPathBeanDefinitionScanner - Identified candidate component class: URL [jar:file:/C:/Users/admin/.m2/repository/io/springfox/springfox-spring-web/3.0.0/springfox-spring-web-3.0.0.jar!/springfox/documentation/spring/web/readers/operation/ApiOperationReader.class]
2021-09-24 12:00:18 [DEBUG] o.s.c.a.ClassPathBeanDefinitionScanner - Identified candidate component class: URL [jar:file:/C:/Users/admin/.m2/repository/io/springfox/springfox-spring-web/3.0.0/springfox-spring-web-3.0.0.jar!/springfox/documentation/spring/web/readers/operation/DefaultOperationReader.class]
2021-09-24 12:00:18 [DEBUG] o.s.c.a.ClassPathBeanDefinitionScanner - Identified candidate component class: URL [jar:file:/C:/Users/admin/.m2/repository/io/springfox/springfox-spring-web/3.0.0/springfox-spring-web-3.0.0.jar!/springfox/documentation/spring/web/readers/operation/OperationParameterRequestConditionReader.class]
2021-09-24 12:00:18 [DEBUG] o.s.c.a.ClassPathBeanDefinitionScanner - Identified candidate component class: URL [jar:file:/C:/Users/admin/.m2/repository/io/springfox/springfox-spring-web/3.0.0/springfox-spring-web-3.0.0.jar!/springfox/documentation/spring/web/readers/operation/OperationParameterHeadersConditionReader.class]
2021-09-24 12:00:18 [DEBUG] o.s.c.a.ClassPathBeanDefinitionScanner - Identified candidate component class: URL [jar:file:/C:/Users/admin/.m2/repository/io/springfox/springfox-spring-web/3.0.0/springfox-spring-web-3.0.0.jar!/springfox/documentation/spring/web/readers/operation/ContentParameterAggregator.class]
2021-09-24 12:00:18 [DEBUG] o.s.c.a.ClassPathBeanDefinitionScanner - Identified candidate component class: URL [jar:file:/C:/Users/admin/.m2/repository/io/springfox/springfox-spring-web/3.0.0/springfox-spring-web-3.0.0.jar!/springfox/documentation/spring/web/readers/operation/OperationResponseClassReader.class]
2021-09-24 12:00:18 [DEBUG] o.s.c.a.ClassPathBeanDefinitionScanner - Identified candidate component class: URL [jar:file:/C:/Users/admin/.m2/repository/io/springfox/springfox-spring-web/3.0.0/springfox-spring-web-3.0.0.jar!/springfox/documentation/spring/web/readers/operation/CachingOperationNameGenerator.class]
2021-09-24 12:00:18 [DEBUG] o.s.c.a.ClassPathBeanDefinitionScanner - Identified candidate component class: URL [jar:file:/C:/Users/admin/.m2/repository/io/springfox/springfox-spring-web/3.0.0/springfox-spring-web-3.0.0.jar!/springfox/documentation/spring/web/readers/parameter/ParameterMultiplesReader.class]
2021-09-24 12:00:18 [DEBUG] o.s.c.a.ClassPathBeanDefinitionScanner - Identified candidate component class: URL [jar:file:/C:/Users/admin/.m2/repository/io/springfox/springfox-spring-web/3.0.0/springfox-spring-web-3.0.0.jar!/springfox/documentation/spring/web/readers/parameter/ModelAttributeParameterExpander.class]
2021-09-24 12:00:18 [DEBUG] o.s.c.a.ClassPathBeanDefinitionScanner - Identified candidate component class: URL [jar:file:/C:/Users/admin/.m2/repository/io/springfox/springfox-spring-web/3.0.0/springfox-spring-web-3.0.0.jar!/springfox/documentation/spring/web/readers/parameter/ParameterTypeReader.class]
2021-09-24 12:00:18 [DEBUG] o.s.c.a.ClassPathBeanDefinitionScanner - Identified candidate component class: URL [jar:file:/C:/Users/admin/.m2/repository/io/springfox/springfox-spring-web/3.0.0/springfox-spring-web-3.0.0.jar!/springfox/documentation/spring/web/readers/parameter/ParameterRequiredReader.class]
2021-09-24 12:00:18 [DEBUG] o.s.c.a.ClassPathBeanDefinitionScanner - Identified candidate component class: URL [jar:file:/C:/Users/admin/.m2/repository/io/springfox/springfox-spring-web/3.0.0/springfox-spring-web-3.0.0.jar!/springfox/documentation/spring/web/readers/parameter/ParameterDataTypeReader.class]
2021-09-24 12:00:18 [DEBUG] o.s.c.a.ClassPathBeanDefinitionScanner - Identified candidate component class: URL [jar:file:/C:/Users/admin/.m2/repository/io/springfox/springfox-spring-web/3.0.0/springfox-spring-web-3.0.0.jar!/springfox/documentation/spring/web/readers/parameter/ParameterDefaultReader.class]
2021-09-24 12:00:18 [DEBUG] o.s.c.a.ClassPathBeanDefinitionScanner - Identified candidate component class: URL [jar:file:/C:/Users/admin/.m2/repository/io/springfox/springfox-spring-web/3.0.0/springfox-spring-web-3.0.0.jar!/springfox/documentation/spring/web/readers/parameter/ParameterNameReader.class]
2021-09-24 12:00:18 [DEBUG] o.s.c.a.ClassPathBeanDefinitionScanner - Identified candidate component class: URL [jar:file:/C:/Users/admin/.m2/repository/io/springfox/springfox-spring-web/3.0.0/springfox-spring-web-3.0.0.jar!/springfox/documentation/spring/web/readers/parameter/ExpandedParameterBuilder.class]
2021-09-24 12:00:18 [DEBUG] o.s.c.a.ClassPathBeanDefinitionScanner - Identified candidate component class: URL [jar:file:/C:/Users/admin/.m2/repository/io/springfox/springfox-spring-web/3.0.0/springfox-spring-web-3.0.0.jar!/springfox/documentation/spring/web/plugins/DefaultResponseTypeReader.class]
2021-09-24 12:00:18 [DEBUG] o.s.c.a.ClassPathBeanDefinitionScanner - Identified candidate component class: URL [jar:file:/C:/Users/admin/.m2/repository/io/springfox/springfox-spring-web/3.0.0/springfox-spring-web-3.0.0.jar!/springfox/documentation/spring/web/plugins/DocumentationPluginsBootstrapper.class]
2021-09-24 12:00:18 [DEBUG] o.s.c.a.ClassPathBeanDefinitionScanner - Identified candidate component class: URL [jar:file:/C:/Users/admin/.m2/repository/io/springfox/springfox-spring-web/3.0.0/springfox-spring-web-3.0.0.jar!/springfox/documentation/spring/web/plugins/DocumentationPluginsManager.class]
2021-09-24 12:00:18 [DEBUG] o.s.c.a.ClassPathBeanDefinitionScanner - Identified candidate component class: URL [jar:file:/C:/Users/admin/.m2/repository/io/springfox/springfox-spring-webmvc/3.0.0/springfox-spring-webmvc-3.0.0.jar!/springfox/documentation/spring/web/plugins/WebMvcRequestHandlerProvider.class]
2021-09-24 12:00:18 [DEBUG] o.s.c.a.ClassPathBeanDefinitionScanner - Identified candidate component class: URL [jar:file:/C:/Users/admin/.m2/repository/io/springfox/springfox-spring-web/3.0.0/springfox-spring-web-3.0.0.jar!/springfox/documentation/spring/web/paths/QueryStringUriTemplateDecorator.class]
2021-09-24 12:00:18 [DEBUG] o.s.c.a.ClassPathBeanDefinitionScanner - Identified candidate component class: URL [jar:file:/C:/Users/admin/.m2/repository/io/springfox/springfox-spring-web/3.0.0/springfox-spring-web-3.0.0.jar!/springfox/documentation/spring/web/paths/PathMappingDecorator.class]
2021-09-24 12:00:18 [DEBUG] o.s.c.a.ClassPathBeanDefinitionScanner - Identified candidate component class: URL [jar:file:/C:/Users/admin/.m2/repository/io/springfox/springfox-spring-web/3.0.0/springfox-spring-web-3.0.0.jar!/springfox/documentation/spring/web/paths/PathSanitizer.class]
2021-09-24 12:00:18 [DEBUG] o.s.c.a.ClassPathBeanDefinitionScanner - Identified candidate component class: URL [jar:file:/C:/Users/admin/.m2/repository/io/springfox/springfox-spring-web/3.0.0/springfox-spring-web-3.0.0.jar!/springfox/documentation/spring/web/paths/OperationPathDecorator.class]
2021-09-24 12:00:18 [DEBUG] o.s.c.a.ClassPathBeanDefinitionScanner - Identified candidate component class: URL [jar:file:/C:/Users/admin/.m2/repository/io/springfox/springfox-schema/3.0.0/springfox-schema-3.0.0.jar!/springfox/documentation/schema/JacksonJsonViewProvider.class]
2021-09-24 12:00:18 [DEBUG] o.s.c.a.ClassPathBeanDefinitionScanner - Identified candidate component class: URL [jar:file:/C:/Users/admin/.m2/repository/io/springfox/springfox-schema/3.0.0/springfox-schema-3.0.0.jar!/springfox/documentation/schema/CachingModelDependencyProvider.class]
2021-09-24 12:00:18 [DEBUG] o.s.c.a.ClassPathBeanDefinitionScanner - Identified candidate component class: URL [jar:file:/C:/Users/admin/.m2/repository/io/springfox/springfox-schema/3.0.0/springfox-schema-3.0.0.jar!/springfox/documentation/schema/TypeNameExtractor.class]
2021-09-24 12:00:18 [DEBUG] o.s.c.a.ClassPathBeanDefinitionScanner - Identified candidate component class: URL [jar:file:/C:/Users/admin/.m2/repository/io/springfox/springfox-schema/3.0.0/springfox-schema-3.0.0.jar!/springfox/documentation/schema/plugins/PropertyDiscriminatorBasedInheritancePlugin.class]
2021-09-24 12:00:18 [DEBUG] o.s.c.a.ClassPathBeanDefinitionScanner - Identified candidate component class: URL [jar:file:/C:/Users/admin/.m2/repository/io/springfox/springfox-schema/3.0.0/springfox-schema-3.0.0.jar!/springfox/documentation/schema/plugins/SchemaPluginsManager.class]
2021-09-24 12:00:18 [DEBUG] o.s.c.a.ClassPathBeanDefinitionScanner - Identified candidate component class: URL [jar:file:/C:/Users/admin/.m2/repository/io/springfox/springfox-schema/3.0.0/springfox-schema-3.0.0.jar!/springfox/documentation/schema/plugins/JsonIgnorePropertiesModelPlugin.class]
2021-09-24 12:00:18 [DEBUG] o.s.c.a.ClassPathBeanDefinitionScanner - Identified candidate component class: URL [jar:file:/C:/Users/admin/.m2/repository/io/springfox/springfox-schema/3.0.0/springfox-schema-3.0.0.jar!/springfox/documentation/schema/property/CachingModelPropertiesProvider.class]
2021-09-24 12:00:18 [DEBUG] o.s.c.a.ClassPathBeanDefinitionScanner - Identified candidate component class: URL [jar:file:/C:/Users/admin/.m2/repository/io/springfox/springfox-schema/3.0.0/springfox-schema-3.0.0.jar!/springfox/documentation/schema/property/ObjectMapperBeanPropertyNamingStrategy.class]
2021-09-24 12:00:18 [DEBUG] o.s.c.a.ClassPathBeanDefinitionScanner - Identified candidate component class: URL [jar:file:/C:/Users/admin/.m2/repository/io/springfox/springfox-schema/3.0.0/springfox-schema-3.0.0.jar!/springfox/documentation/schema/property/bean/AccessorsProvider.class]
2021-09-24 12:00:18 [DEBUG] o.s.c.a.ClassPathBeanDefinitionScanner - Identified candidate component class: URL [jar:file:/C:/Users/admin/.m2/repository/io/springfox/springfox-schema/3.0.0/springfox-schema-3.0.0.jar!/springfox/documentation/schema/property/field/FieldProvider.class]
2021-09-24 12:00:18 [DEBUG] o.s.c.a.ClassPathBeanDefinitionScanner - Identified candidate component class: URL [jar:file:/C:/Users/admin/.m2/repository/io/springfox/springfox-schema/3.0.0/springfox-schema-3.0.0.jar!/springfox/documentation/schema/property/OptimizedModelPropertiesProvider.class]
2021-09-24 12:00:18 [DEBUG] o.s.c.a.ClassPathBeanDefinitionScanner - Identified candidate component class: URL [jar:file:/C:/Users/admin/.m2/repository/io/springfox/springfox-schema/3.0.0/springfox-schema-3.0.0.jar!/springfox/documentation/schema/property/FactoryMethodProvider.class]
2021-09-24 12:00:18 [DEBUG] o.s.c.a.ClassPathBeanDefinitionScanner - Identified candidate component class: URL [jar:file:/C:/Users/admin/.m2/repository/io/springfox/springfox-schema/3.0.0/springfox-schema-3.0.0.jar!/springfox/documentation/schema/property/ModelSpecificationFactory.class]
2021-09-24 12:00:18 [DEBUG] o.s.c.a.ClassPathBeanDefinitionScanner - Identified candidate component class: URL [jar:file:/C:/Users/admin/.m2/repository/io/springfox/springfox-schema/3.0.0/springfox-schema-3.0.0.jar!/springfox/documentation/schema/CachingModelProvider.class]
2021-09-24 12:00:18 [DEBUG] o.s.c.a.ClassPathBeanDefinitionScanner - Identified candidate component class: URL [jar:file:/C:/Users/admin/.m2/repository/io/springfox/springfox-schema/3.0.0/springfox-schema-3.0.0.jar!/springfox/documentation/schema/DefaultModelDependencyProvider.class]
2021-09-24 12:00:18 [DEBUG] o.s.c.a.ClassPathBeanDefinitionScanner - Identified candidate component class: URL [jar:file:/C:/Users/admin/.m2/repository/io/springfox/springfox-schema/3.0.0/springfox-schema-3.0.0.jar!/springfox/documentation/schema/JacksonEnumTypeDeterminer.class]
2021-09-24 12:00:18 [DEBUG] o.s.c.a.ClassPathBeanDefinitionScanner - Identified candidate component class: URL [jar:file:/C:/Users/admin/.m2/repository/io/springfox/springfox-schema/3.0.0/springfox-schema-3.0.0.jar!/springfox/documentation/schema/DefaultModelProvider.class]
2021-09-24 12:00:18 [DEBUG] o.s.c.a.ClassPathBeanDefinitionScanner - Identified candidate component class: URL [jar:file:/C:/Users/admin/.m2/repository/io/springfox/springfox-schema/3.0.0/springfox-schema-3.0.0.jar!/springfox/documentation/schema/DefaultModelSpecificationProvider.class]
2021-09-24 12:00:18 [DEBUG] o.s.c.a.ClassPathBeanDefinitionScanner - Identified candidate component class: URL [jar:file:/C:/Users/admin/.m2/repository/io/springfox/springfox-swagger-common/3.0.0/springfox-swagger-common-3.0.0.jar!/springfox/documentation/swagger/schema/OpenApiSchemaPropertyBuilder.class]
2021-09-24 12:00:18 [DEBUG] o.s.c.a.ClassPathBeanDefinitionScanner - Identified candidate component class: URL [jar:file:/C:/Users/admin/.m2/repository/io/springfox/springfox-swagger-common/3.0.0/springfox-swagger-common-3.0.0.jar!/springfox/documentation/swagger/schema/ApiModelPropertyPropertyBuilder.class]
2021-09-24 12:00:18 [DEBUG] o.s.c.a.ClassPathBeanDefinitionScanner - Identified candidate component class: URL [jar:file:/C:/Users/admin/.m2/repository/io/springfox/springfox-swagger-common/3.0.0/springfox-swagger-common-3.0.0.jar!/springfox/documentation/swagger/schema/ApiModelTypeNameProvider.class]
2021-09-24 12:00:18 [DEBUG] o.s.c.a.ClassPathBeanDefinitionScanner - Identified candidate component class: URL [jar:file:/C:/Users/admin/.m2/repository/io/springfox/springfox-swagger-common/3.0.0/springfox-swagger-common-3.0.0.jar!/springfox/documentation/swagger/schema/ApiModelBuilder.class]
2021-09-24 12:00:18 [DEBUG] o.s.c.a.ClassPathBeanDefinitionScanner - Identified candidate component class: URL [jar:file:/C:/Users/admin/.m2/repository/io/springfox/springfox-swagger-common/3.0.0/springfox-swagger-common-3.0.0.jar!/springfox/documentation/swagger/readers/operation/OperationImplicitParameterReader.class]
2021-09-24 12:00:18 [DEBUG] o.s.c.a.ClassPathBeanDefinitionScanner - Identified candidate component class: URL [jar:file:/C:/Users/admin/.m2/repository/io/springfox/springfox-swagger-common/3.0.0/springfox-swagger-common-3.0.0.jar!/springfox/documentation/swagger/readers/operation/VendorExtensionsReader.class]
2021-09-24 12:00:18 [DEBUG] o.s.c.a.ClassPathBeanDefinitionScanner - Identified candidate component class: URL [jar:file:/C:/Users/admin/.m2/repository/io/springfox/springfox-swagger-common/3.0.0/springfox-swagger-common-3.0.0.jar!/springfox/documentation/swagger/readers/operation/SwaggerOperationResponseClassReader.class]
2021-09-24 12:00:18 [DEBUG] o.s.c.a.ClassPathBeanDefinitionScanner - Identified candidate component class: URL [jar:file:/C:/Users/admin/.m2/repository/io/springfox/springfox-swagger-common/3.0.0/springfox-swagger-common-3.0.0.jar!/springfox/documentation/swagger/readers/operation/SwaggerOperationModelsProvider.class]
2021-09-24 12:00:18 [DEBUG] o.s.c.a.ClassPathBeanDefinitionScanner - Identified candidate component class: URL [jar:file:/C:/Users/admin/.m2/repository/io/springfox/springfox-swagger-common/3.0.0/springfox-swagger-common-3.0.0.jar!/springfox/documentation/swagger/readers/operation/OpenApiOperationAuthReader.class]
2021-09-24 12:00:18 [DEBUG] o.s.c.a.ClassPathBeanDefinitionScanner - Identified candidate component class: URL [jar:file:/C:/Users/admin/.m2/repository/io/springfox/springfox-swagger-common/3.0.0/springfox-swagger-common-3.0.0.jar!/springfox/documentation/swagger/readers/operation/SwaggerMediaTypeReader.class]
2021-09-24 12:00:18 [DEBUG] o.s.c.a.ClassPathBeanDefinitionScanner - Identified candidate component class: URL [jar:file:/C:/Users/admin/.m2/repository/io/springfox/springfox-swagger-common/3.0.0/springfox-swagger-common-3.0.0.jar!/springfox/documentation/swagger/readers/operation/OperationHttpMethodReader.class]
2021-09-24 12:00:18 [DEBUG] o.s.c.a.ClassPathBeanDefinitionScanner - Identified candidate component class: URL [jar:file:/C:/Users/admin/.m2/repository/io/springfox/springfox-swagger-common/3.0.0/springfox-swagger-common-3.0.0.jar!/springfox/documentation/swagger/readers/operation/OperationImplicitParametersReader.class]
2021-09-24 12:00:18 [DEBUG] o.s.c.a.ClassPathBeanDefinitionScanner - Identified candidate component class: URL [jar:file:/C:/Users/admin/.m2/repository/io/springfox/springfox-swagger-common/3.0.0/springfox-swagger-common-3.0.0.jar!/springfox/documentation/swagger/readers/operation/OperationAuthReader.class]
2021-09-24 12:00:18 [DEBUG] o.s.c.a.ClassPathBeanDefinitionScanner - Identified candidate component class: URL [jar:file:/C:/Users/admin/.m2/repository/io/springfox/springfox-swagger-common/3.0.0/springfox-swagger-common-3.0.0.jar!/springfox/documentation/swagger/readers/operation/OperationHiddenReader.class]
2021-09-24 12:00:18 [DEBUG] o.s.c.a.ClassPathBeanDefinitionScanner - Identified candidate component class: URL [jar:file:/C:/Users/admin/.m2/repository/io/springfox/springfox-swagger-common/3.0.0/springfox-swagger-common-3.0.0.jar!/springfox/documentation/swagger/readers/operation/OperationSummaryReader.class]
2021-09-24 12:00:18 [DEBUG] o.s.c.a.ClassPathBeanDefinitionScanner - Identified candidate component class: URL [jar:file:/C:/Users/admin/.m2/repository/io/springfox/springfox-swagger-common/3.0.0/springfox-swagger-common-3.0.0.jar!/springfox/documentation/swagger/readers/operation/OpenApiOperationTagsReader.class]
2021-09-24 12:00:18 [DEBUG] o.s.c.a.ClassPathBeanDefinitionScanner - Identified candidate component class: URL [jar:file:/C:/Users/admin/.m2/repository/io/springfox/springfox-swagger-common/3.0.0/springfox-swagger-common-3.0.0.jar!/springfox/documentation/swagger/readers/operation/SwaggerResponseMessageReader.class]
2021-09-24 12:00:18 [DEBUG] o.s.c.a.ClassPathBeanDefinitionScanner - Identified candidate component class: URL [jar:file:/C:/Users/admin/.m2/repository/io/springfox/springfox-swagger-common/3.0.0/springfox-swagger-common-3.0.0.jar!/springfox/documentation/swagger/readers/operation/OperationNicknameIntoUniqueIdReader.class]
2021-09-24 12:00:18 [DEBUG] o.s.c.a.ClassPathBeanDefinitionScanner - Identified candidate component class: URL [jar:file:/C:/Users/admin/.m2/repository/io/springfox/springfox-swagger-common/3.0.0/springfox-swagger-common-3.0.0.jar!/springfox/documentation/swagger/readers/operation/OperationPositionReader.class]
2021-09-24 12:00:18 [DEBUG] o.s.c.a.ClassPathBeanDefinitionScanner - Identified candidate component class: URL [jar:file:/C:/Users/admin/.m2/repository/io/springfox/springfox-swagger-common/3.0.0/springfox-swagger-common-3.0.0.jar!/springfox/documentation/swagger/readers/operation/OpenApiResponseReader.class]
2021-09-24 12:00:18 [DEBUG] o.s.c.a.ClassPathBeanDefinitionScanner - Identified candidate component class: URL [jar:file:/C:/Users/admin/.m2/repository/io/springfox/springfox-swagger-common/3.0.0/springfox-swagger-common-3.0.0.jar!/springfox/documentation/swagger/readers/operation/OperationNotesReader.class]
2021-09-24 12:00:18 [DEBUG] o.s.c.a.ClassPathBeanDefinitionScanner - Identified candidate component class: URL [jar:file:/C:/Users/admin/.m2/repository/io/springfox/springfox-swagger-common/3.0.0/springfox-swagger-common-3.0.0.jar!/springfox/documentation/swagger/readers/operation/SwaggerOperationTagsReader.class]
2021-09-24 12:00:18 [DEBUG] o.s.c.a.ClassPathBeanDefinitionScanner - Identified candidate component class: URL [jar:file:/C:/Users/admin/.m2/repository/io/springfox/springfox-swagger-common/3.0.0/springfox-swagger-common-3.0.0.jar!/springfox/documentation/swagger/readers/parameter/ApiParamParameterBuilder.class]
2021-09-24 12:00:18 [DEBUG] o.s.c.a.ClassPathBeanDefinitionScanner - Identified candidate component class: URL [jar:file:/C:/Users/admin/.m2/repository/io/springfox/springfox-swagger-common/3.0.0/springfox-swagger-common-3.0.0.jar!/springfox/documentation/swagger/readers/parameter/SwaggerExpandedParameterBuilder.class]
2021-09-24 12:00:18 [DEBUG] o.s.c.a.ClassPathBeanDefinitionScanner - Identified candidate component class: URL [jar:file:/C:/Users/admin/.m2/repository/io/springfox/springfox-swagger-common/3.0.0/springfox-swagger-common-3.0.0.jar!/springfox/documentation/swagger/readers/parameter/OpenApiParameterBuilder.class]
2021-09-24 12:00:18 [DEBUG] o.s.c.a.ClassPathBeanDefinitionScanner - Identified candidate component class: URL [jar:file:/C:/Users/admin/.m2/repository/io/springfox/springfox-swagger-common/3.0.0/springfox-swagger-common-3.0.0.jar!/springfox/documentation/swagger/web/SwaggerApiListingReader.class]
2021-09-24 12:00:18 [DEBUG] o.s.c.a.ClassPathBeanDefinitionScanner - Identified candidate component class: URL [jar:file:/C:/Users/admin/.m2/repository/io/springfox/springfox-swagger-common/3.0.0/springfox-swagger-common-3.0.0.jar!/springfox/documentation/swagger/web/InMemorySwaggerResourcesProvider.class]
2021-09-24 12:00:18 [DEBUG] o.s.c.a.ClassPathBeanDefinitionScanner - Identified candidate component class: URL [jar:file:/C:/Users/admin/.m2/repository/io/springfox/springfox-swagger-common/3.0.0/springfox-swagger-common-3.0.0.jar!/springfox/documentation/swagger/web/ApiResourceController.class]
2021-09-24 12:00:18 [DEBUG] o.s.c.a.ClassPathBeanDefinitionScanner - Identified candidate component class: URL [jar:file:/C:/Users/admin/.m2/repository/io/springfox/springfox-swagger2/3.0.0/springfox-swagger2-3.0.0.jar!/springfox/documentation/swagger2/mappers/ServiceModelToSwagger2MapperImpl.class]
2021-09-24 12:00:18 [DEBUG] o.s.c.a.ClassPathBeanDefinitionScanner - Identified candidate component class: URL [jar:file:/C:/Users/admin/.m2/repository/io/springfox/springfox-swagger2/3.0.0/springfox-swagger2-3.0.0.jar!/springfox/documentation/swagger2/mappers/VendorExtensionsMapperImpl.class]
2021-09-24 12:00:18 [DEBUG] o.s.c.a.ClassPathBeanDefinitionScanner - Identified candidate component class: URL [jar:file:/C:/Users/admin/.m2/repository/io/springfox/springfox-swagger2/3.0.0/springfox-swagger2-3.0.0.jar!/springfox/documentation/swagger2/mappers/PropertyMapperImpl.class]
2021-09-24 12:00:18 [DEBUG] o.s.c.a.ClassPathBeanDefinitionScanner - Identified candidate component class: URL [jar:file:/C:/Users/admin/.m2/repository/io/springfox/springfox-swagger2/3.0.0/springfox-swagger2-3.0.0.jar!/springfox/documentation/swagger2/mappers/CompatibilityModelMapperImpl.class]
2021-09-24 12:00:18 [DEBUG] o.s.c.a.ClassPathBeanDefinitionScanner - Identified candidate component class: URL [jar:file:/C:/Users/admin/.m2/repository/io/springfox/springfox-swagger2/3.0.0/springfox-swagger2-3.0.0.jar!/springfox/documentation/swagger2/mappers/ParameterMapperImpl.class]
2021-09-24 12:00:18 [DEBUG] o.s.c.a.ClassPathBeanDefinitionScanner - Identified candidate component class: URL [jar:file:/C:/Users/admin/.m2/repository/io/springfox/springfox-swagger2/3.0.0/springfox-swagger2-3.0.0.jar!/springfox/documentation/swagger2/mappers/ModelMapperImpl.class]
2021-09-24 12:00:18 [DEBUG] o.s.c.a.ClassPathBeanDefinitionScanner - Identified candidate component class: URL [jar:file:/C:/Users/admin/.m2/repository/io/springfox/springfox-swagger2/3.0.0/springfox-swagger2-3.0.0.jar!/springfox/documentation/swagger2/mappers/RequestParameterMapperImpl.class]
2021-09-24 12:00:18 [DEBUG] o.s.c.a.ClassPathBeanDefinitionScanner - Identified candidate component class: URL [jar:file:/C:/Users/admin/.m2/repository/io/springfox/springfox-swagger2/3.0.0/springfox-swagger2-3.0.0.jar!/springfox/documentation/swagger2/mappers/ModelSpecificationMapperImpl.class]
2021-09-24 12:00:18 [DEBUG] o.s.c.a.ClassPathBeanDefinitionScanner - Identified candidate component class: URL [jar:file:/C:/Users/admin/.m2/repository/io/springfox/springfox-swagger2/3.0.0/springfox-swagger2-3.0.0.jar!/springfox/documentation/swagger2/mappers/LicenseMapperImpl.class]
2021-09-24 12:00:18 [DEBUG] o.s.c.a.ClassPathBeanDefinitionScanner - Identified candidate component class: URL [jar:file:/C:/Users/admin/.m2/repository/io/springfox/springfox-swagger2/3.0.0/springfox-swagger2-3.0.0.jar!/springfox/documentation/swagger2/mappers/SecurityMapperImpl.class]
2021-09-24 12:00:18 [DEBUG] o.s.c.a.ClassPathBeanDefinitionScanner - Identified candidate component class: URL [jar:file:/C:/Users/admin/.m2/repository/io/springfox/springfox-swagger2/3.0.0/springfox-swagger2-3.0.0.jar!/springfox/documentation/swagger2/web/Swagger2ControllerWebMvc.class]
2021-09-24 12:00:18 [DEBUG] o.s.c.e.PropertySourcesPropertyResolver - Found key 'spring.template.provider.cache' in PropertySource 'configurationProperties' with value of type String
2021-09-24 12:00:18 [DEBUG] o.s.c.e.PropertySourcesPropertyResolver - Found key 'spring.mvc.view.prefix' in PropertySource 'configurationProperties' with value of type String
2021-09-24 12:00:18 [DEBUG] o.s.c.e.PropertySourcesPropertyResolver - Found key 'spring.mvc.view.suffix' in PropertySource 'configurationProperties' with value of type String
2021-09-24 12:00:18 [DEBUG] o.s.c.e.PropertySourcesPropertyResolver - Found key 'spring.jmx.enabled' in PropertySource 'configurationProperties' with value of type String
2021-09-24 12:00:18 [DEBUG] o.s.b.f.s.DefaultListableBeanFactory - Creating shared instance of singleton bean 'org.springframework.boot.autoconfigure.AutoConfigurationPackages'
2021-09-24 12:00:18 [DEBUG] o.s.b.a.AutoConfigurationPackages - @EnableAutoConfiguration was declared on a class in the package 'com.example.demo'. Automatic @Repository and @Entity scanning is enabled.
2021-09-24 12:00:18 [DEBUG] o.m.s.b.a.MybatisAutoConfiguration - Searching for mappers annotated with @Mapper
2021-09-24 12:00:18 [DEBUG] o.m.s.b.a.MybatisAutoConfiguration - Using auto-configuration base package 'com.example.demo'
2021-09-24 12:00:18 [DEBUG] o.s.c.e.PropertySourcesPropertyResolver - Found key 'spring.jmx.enabled' in PropertySource 'configurationProperties' with value of type String
2021-09-24 12:00:18 [DEBUG] o.s.c.e.PropertySourcesPropertyResolver - Found key 'spring.application.admin.enabled' in PropertySource 'configurationProperties' with value of type String
2021-09-24 12:00:18 [DEBUG] o.s.c.e.PropertySourcesPropertyResolver - Found key 'spring.mail.host' in PropertySource 'configurationProperties' with value of type String
2021-09-24 12:00:18 [DEBUG] o.s.b.f.s.DefaultListableBeanFactory - Creating shared instance of singleton bean 'org.mybatis.spring.mapper.MapperScannerConfigurer'
2021-09-24 12:00:18 [DEBUG] o.s.b.f.s.DefaultListableBeanFactory - Creating shared instance of singleton bean 'propertySourcesPlaceholderConfigurer'
2021-09-24 12:00:18 [DEBUG] o.m.s.mapper.ClassPathMapperScanner - Identified candidate component class: file [C:\work\sts-4.9.0.RELEASE-workspace\GardenShop\target\classes\com\example\demo\dao\AttrDao.class]
2021-09-24 12:00:18 [DEBUG] o.m.s.mapper.ClassPathMapperScanner - Identified candidate component class: file [C:\work\sts-4.9.0.RELEASE-workspace\GardenShop\target\classes\com\example\demo\dao\GenFileDao.class]
2021-09-24 12:00:18 [DEBUG] o.m.s.mapper.ClassPathMapperScanner - Identified candidate component class: file [C:\work\sts-4.9.0.RELEASE-workspace\GardenShop\target\classes\com\example\demo\dao\MemberDao.class]
2021-09-24 12:00:18 [DEBUG] o.m.s.mapper.ClassPathMapperScanner - Creating MapperFactoryBean with name 'attrDao' and 'com.example.demo.dao.AttrDao' mapperInterface
2021-09-24 12:00:18 [DEBUG] o.m.s.mapper.ClassPathMapperScanner - Enabling autowire by type for MapperFactoryBean with name 'attrDao'.
2021-09-24 12:00:18 [DEBUG] o.m.s.mapper.ClassPathMapperScanner - Creating MapperFactoryBean with name 'genFileDao' and 'com.example.demo.dao.GenFileDao' mapperInterface
2021-09-24 12:00:18 [DEBUG] o.m.s.mapper.ClassPathMapperScanner - Enabling autowire by type for MapperFactoryBean with name 'genFileDao'.
2021-09-24 12:00:18 [DEBUG] o.m.s.mapper.ClassPathMapperScanner - Creating MapperFactoryBean with name 'memberDao' and 'com.example.demo.dao.MemberDao' mapperInterface
2021-09-24 12:00:18 [DEBUG] o.m.s.mapper.ClassPathMapperScanner - Enabling autowire by type for MapperFactoryBean with name 'memberDao'.
2021-09-24 12:00:18 [DEBUG] o.s.b.f.s.DefaultListableBeanFactory - Creating shared instance of singleton bean 'org.springframework.context.event.internalEventListenerProcessor'
2021-09-24 12:00:19 [DEBUG] o.s.b.f.s.DefaultListableBeanFactory - Creating shared instance of singleton bean 'preserveErrorControllerTargetClassPostProcessor'
2021-09-24 12:00:19 [DEBUG] o.s.b.f.s.DefaultListableBeanFactory - Creating shared instance of singleton bean 'org.springframework.context.event.internalEventListenerFactory'
2021-09-24 12:00:19 [DEBUG] o.s.b.f.s.DefaultListableBeanFactory - Creating shared instance of singleton bean 'org.springframework.transaction.config.internalTransactionalEventListenerFactory'
2021-09-24 12:00:19 [DEBUG] o.s.b.f.s.DefaultListableBeanFactory - Creating shared instance of singleton bean 'org.springframework.context.annotation.internalAutowiredAnnotationProcessor'
2021-09-24 12:00:19 [DEBUG] o.s.b.f.s.DefaultListableBeanFactory - Creating shared instance of singleton bean 'org.springframework.context.annotation.internalCommonAnnotationProcessor'
2021-09-24 12:00:19 [DEBUG] o.s.b.f.s.DefaultListableBeanFactory - Creating shared instance of singleton bean 'org.springframework.boot.context.properties.ConfigurationPropertiesBindingPostProcessor'
2021-09-24 12:00:19 [DEBUG] o.s.b.f.s.DefaultListableBeanFactory - Creating shared instance of singleton bean 'org.springframework.boot.context.internalConfigurationPropertiesBinder'
2021-09-24 12:00:19 [DEBUG] o.s.b.f.s.DefaultListableBeanFactory - Creating shared instance of singleton bean 'org.springframework.boot.context.internalConfigurationPropertiesBinderFactory'
2021-09-24 12:00:19 [DEBUG] o.s.b.f.s.DefaultListableBeanFactory - Creating shared instance of singleton bean 'dataSourceInitializerPostProcessor'
2021-09-24 12:00:19 [DEBUG] o.s.b.f.s.DefaultListableBeanFactory - Creating shared instance of singleton bean 'persistenceExceptionTranslationPostProcessor'
2021-09-24 12:00:19 [DEBUG] o.s.b.f.s.DefaultListableBeanFactory - Autowiring by type from bean name 'persistenceExceptionTranslationPostProcessor' via factory method to bean named 'environment'
2021-09-24 12:00:19 [DEBUG] o.s.b.f.s.DefaultListableBeanFactory - Creating shared instance of singleton bean 'org.springframework.aop.config.internalAutoProxyCreator'
2021-09-24 12:00:19 [DEBUG] o.s.b.f.s.DefaultListableBeanFactory - Creating shared instance of singleton bean 'webServerFactoryCustomizerBeanPostProcessor'
2021-09-24 12:00:19 [DEBUG] o.s.b.f.s.DefaultListableBeanFactory - Creating shared instance of singleton bean 'errorPageRegistrarBeanPostProcessor'
2021-09-24 12:00:19 [DEBUG] o.s.b.f.s.DefaultListableBeanFactory - Creating shared instance of singleton bean 'webMvcObjectMapperConfigurer'
2021-09-24 12:00:19 [DEBUG] o.s.b.f.s.DefaultListableBeanFactory - Creating shared instance of singleton bean 'org.springframework.transaction.config.internalTransactionAdvisor'
2021-09-24 12:00:19 [DEBUG] o.s.b.f.s.DefaultListableBeanFactory - Creating shared instance of singleton bean 'org.springframework.transaction.annotation.ProxyTransactionManagementConfiguration'
2021-09-24 12:00:19 [DEBUG] o.s.b.f.s.DefaultListableBeanFactory - Creating shared instance of singleton bean 'transactionAttributeSource'
2021-09-24 12:00:19 [DEBUG] o.s.b.f.s.DefaultListableBeanFactory - Creating shared instance of singleton bean 'transactionInterceptor'
2021-09-24 12:00:19 [DEBUG] o.s.b.f.s.DefaultListableBeanFactory - Autowiring by type from bean name 'transactionInterceptor' via factory method to bean named 'transactionAttributeSource'
2021-09-24 12:00:19 [DEBUG] o.s.b.f.s.DefaultListableBeanFactory - Autowiring by type from bean name 'org.springframework.transaction.config.internalTransactionAdvisor' via factory method to bean named 'transactionAttributeSource'
2021-09-24 12:00:19 [DEBUG] o.s.b.f.s.DefaultListableBeanFactory - Autowiring by type from bean name 'org.springframework.transaction.config.internalTransactionAdvisor' via factory method to bean named 'transactionInterceptor'
2021-09-24 12:00:19 [DEBUG] o.s.u.c.s.UiApplicationContextUtils - Unable to locate ThemeSource with name 'themeSource': using default [org.springframework.ui.context.support.ResourceBundleThemeSource@64f1b24d]
2021-09-24 12:00:19 [DEBUG] o.s.b.f.s.DefaultListableBeanFactory - Creating shared instance of singleton bean 'tomcatServletWebServerFactory'
2021-09-24 12:00:19 [DEBUG] o.s.b.f.s.DefaultListableBeanFactory - Creating shared instance of singleton bean 'org.springframework.boot.autoconfigure.web.servlet.ServletWebServerFactoryConfiguration$EmbeddedTomcat'
2021-09-24 12:00:19 [DEBUG] o.s.b.f.s.DefaultListableBeanFactory - Creating shared instance of singleton bean 'websocketServletWebServerCustomizer'
2021-09-24 12:00:19 [DEBUG] o.s.b.f.s.DefaultListableBeanFactory - Creating shared instance of singleton bean 'org.springframework.boot.autoconfigure.websocket.servlet.WebSocketServletAutoConfiguration$TomcatWebSocketConfiguration'
2021-09-24 12:00:19 [DEBUG] o.s.b.f.s.DefaultListableBeanFactory - Creating shared instance of singleton bean 'servletWebServerFactoryCustomizer'
2021-09-24 12:00:19 [DEBUG] o.s.b.f.s.DefaultListableBeanFactory - Creating shared instance of singleton bean 'org.springframework.boot.autoconfigure.web.servlet.ServletWebServerFactoryAutoConfiguration'
2021-09-24 12:00:19 [DEBUG] o.s.b.f.s.DefaultListableBeanFactory - Creating shared instance of singleton bean 'server-org.springframework.boot.autoconfigure.web.ServerProperties'
2021-09-24 12:00:19 [DEBUG] o.s.b.f.s.DefaultListableBeanFactory - Creating shared instance of singleton bean 'org.springframework.boot.context.properties.BoundConfigurationProperties'
2021-09-24 12:00:19 [DEBUG] o.s.b.f.s.DefaultListableBeanFactory - Autowiring by type from bean name 'servletWebServerFactoryCustomizer' via factory method to bean named 'server-org.springframework.boot.autoconfigure.web.ServerProperties'
2021-09-24 12:00:19 [DEBUG] o.s.b.f.s.DefaultListableBeanFactory - Creating shared instance of singleton bean 'tomcatServletWebServerFactoryCustomizer'
2021-09-24 12:00:19 [DEBUG] o.s.b.f.s.DefaultListableBeanFactory - Autowiring by type from bean name 'tomcatServletWebServerFactoryCustomizer' via factory method to bean named 'server-org.springframework.boot.autoconfigure.web.ServerProperties'
2021-09-24 12:00:19 [DEBUG] o.s.b.f.s.DefaultListableBeanFactory - Creating shared instance of singleton bean 'tomcatWebServerFactoryCustomizer'
2021-09-24 12:00:19 [DEBUG] o.s.b.f.s.DefaultListableBeanFactory - Creating shared instance of singleton bean 'org.springframework.boot.autoconfigure.web.embedded.EmbeddedWebServerFactoryCustomizerAutoConfiguration$TomcatWebServerFactoryCustomizerConfiguration'
2021-09-24 12:00:19 [DEBUG] o.s.b.f.s.DefaultListableBeanFactory - Autowiring by type from bean name 'tomcatWebServerFactoryCustomizer' via factory method to bean named 'environment'
2021-09-24 12:00:19 [DEBUG] o.s.b.f.s.DefaultListableBeanFactory - Autowiring by type from bean name 'tomcatWebServerFactoryCustomizer' via factory method to bean named 'server-org.springframework.boot.autoconfigure.web.ServerProperties'
2021-09-24 12:00:19 [DEBUG] o.s.b.f.s.DefaultListableBeanFactory - Creating shared instance of singleton bean 'localeCharsetMappingsCustomizer'
2021-09-24 12:00:19 [DEBUG] o.s.b.f.s.DefaultListableBeanFactory - Creating shared instance of singleton bean 'org.springframework.boot.autoconfigure.web.servlet.HttpEncodingAutoConfiguration'
2021-09-24 12:00:19 [DEBUG] o.s.b.f.s.DefaultListableBeanFactory - Autowiring by type from bean name 'org.springframework.boot.autoconfigure.web.servlet.HttpEncodingAutoConfiguration' via constructor to bean named 'server-org.springframework.boot.autoconfigure.web.ServerProperties'
2021-09-24 12:00:19 [DEBUG] o.s.b.f.s.DefaultListableBeanFactory - Creating shared instance of singleton bean 'errorPageCustomizer'
2021-09-24 12:00:19 [DEBUG] o.s.b.f.s.DefaultListableBeanFactory - Creating shared instance of singleton bean 'org.springframework.boot.autoconfigure.web.servlet.error.ErrorMvcAutoConfiguration'
2021-09-24 12:00:19 [DEBUG] o.s.b.f.s.DefaultListableBeanFactory - Autowiring by type from bean name 'org.springframework.boot.autoconfigure.web.servlet.error.ErrorMvcAutoConfiguration' via constructor to bean named 'server-org.springframework.boot.autoconfigure.web.ServerProperties'
2021-09-24 12:00:19 [DEBUG] o.s.b.f.s.DefaultListableBeanFactory - Creating shared instance of singleton bean 'dispatcherServletRegistration'
2021-09-24 12:00:19 [DEBUG] o.s.b.f.s.DefaultListableBeanFactory - Creating shared instance of singleton bean 'org.springframework.boot.autoconfigure.web.servlet.DispatcherServletAutoConfiguration$DispatcherServletRegistrationConfiguration'
2021-09-24 12:00:19 [DEBUG] o.s.b.f.s.DefaultListableBeanFactory - Creating shared instance of singleton bean 'dispatcherServlet'
2021-09-24 12:00:19 [DEBUG] o.s.b.f.s.DefaultListableBeanFactory - Creating shared instance of singleton bean 'org.springframework.boot.autoconfigure.web.servlet.DispatcherServletAutoConfiguration$DispatcherServletConfiguration'
2021-09-24 12:00:19 [DEBUG] o.s.b.f.s.DefaultListableBeanFactory - Creating shared instance of singleton bean 'spring.mvc-org.springframework.boot.autoconfigure.web.servlet.WebMvcProperties'
2021-09-24 12:00:19 [DEBUG] o.s.b.f.s.DefaultListableBeanFactory - Autowiring by type from bean name 'dispatcherServlet' via factory method to bean named 'spring.mvc-org.springframework.boot.autoconfigure.web.servlet.WebMvcProperties'
2021-09-24 12:00:19 [DEBUG] o.s.b.f.s.DefaultListableBeanFactory - Autowiring by type from bean name 'dispatcherServletRegistration' via factory method to bean named 'dispatcherServlet'
2021-09-24 12:00:19 [DEBUG] o.s.b.f.s.DefaultListableBeanFactory - Autowiring by type from bean name 'dispatcherServletRegistration' via factory method to bean named 'spring.mvc-org.springframework.boot.autoconfigure.web.servlet.WebMvcProperties'
2021-09-24 12:00:19 [DEBUG] o.s.b.f.s.DefaultListableBeanFactory - Creating shared instance of singleton bean 'multipartConfigElement'
2021-09-24 12:00:19 [DEBUG] o.s.b.f.s.DefaultListableBeanFactory - Creating shared instance of singleton bean 'org.springframework.boot.autoconfigure.web.servlet.MultipartAutoConfiguration'
2021-09-24 12:00:19 [DEBUG] o.s.b.f.s.DefaultListableBeanFactory - Creating shared instance of singleton bean 'spring.servlet.multipart-org.springframework.boot.autoconfigure.web.servlet.MultipartProperties'
2021-09-24 12:00:19 [DEBUG] o.s.b.f.s.DefaultListableBeanFactory - Autowiring by type from bean name 'org.springframework.boot.autoconfigure.web.servlet.MultipartAutoConfiguration' via constructor to bean named 'spring.servlet.multipart-org.springframework.boot.autoconfigure.web.servlet.MultipartProperties'
2021-09-24 12:00:19 [DEBUG] o.s.b.f.s.DefaultListableBeanFactory - Autowiring by type from bean name 'errorPageCustomizer' via factory method to bean named 'dispatcherServletRegistration'
2021-09-24 12:00:19 [DEBUG] o.s.b.w.e.t.TomcatServletWebServerFactory - Code archive: C:\Users\admin\.m2\repository\org\springframework\boot\spring-boot\2.4.4\spring-boot-2.4.4.jar
2021-09-24 12:00:19 [DEBUG] o.s.b.w.e.t.TomcatServletWebServerFactory - Code archive: C:\Users\admin\.m2\repository\org\springframework\boot\spring-boot\2.4.4\spring-boot-2.4.4.jar
2021-09-24 12:00:19 [DEBUG] o.s.b.w.e.t.TomcatServletWebServerFactory - Document root: C:\work\sts-4.9.0.RELEASE-workspace\GardenShop\src\main\webapp
2021-09-24 12:00:19 [INFO ] o.s.b.w.e.tomcat.TomcatWebServer - Tomcat initialized with port(s): 8023 (http)
2021-09-24 12:00:19 [INFO ] o.a.coyote.http11.Http11NioProtocol - Initializing ProtocolHandler ["http-nio-8023"]
2021-09-24 12:00:19 [INFO ] o.a.catalina.core.StandardService - Starting service [Tomcat]
2021-09-24 12:00:19 [INFO ] o.a.catalina.core.StandardEngine - Starting Servlet engine: [Apache Tomcat/9.0.44]
2021-09-24 12:00:19 [INFO ] org.apache.jasper.servlet.TldScanner - At least one JAR was scanned for TLDs yet contained no TLDs. Enable debug logging for this logger for a complete list of JARs that were scanned but no TLDs were found in them. Skipping unneeded JARs during scanning can improve startup time and JSP compilation time.
2021-09-24 12:00:19 [INFO ] o.a.c.c.C.[Tomcat].[localhost].[/] - Initializing Spring embedded WebApplicationContext
2021-09-24 12:00:19 [DEBUG] o.s.b.w.s.c.ServletWebServerApplicationContext - Published root WebApplicationContext as ServletContext attribute with name [org.springframework.web.context.WebApplicationContext.ROOT]
2021-09-24 12:00:19 [INFO ] o.s.b.w.s.c.ServletWebServerApplicationContext - Root WebApplicationContext: initialization completed in 1339 ms
2021-09-24 12:00:19 [DEBUG] o.s.b.f.s.DefaultListableBeanFactory - Creating shared instance of singleton bean 'requestContextFilter'
2021-09-24 12:00:19 [DEBUG] o.s.b.f.s.DefaultListableBeanFactory - Creating shared instance of singleton bean 'formContentFilter'
2021-09-24 12:00:19 [DEBUG] o.s.b.f.s.DefaultListableBeanFactory - Creating shared instance of singleton bean 'org.springframework.boot.autoconfigure.web.servlet.WebMvcAutoConfiguration'
2021-09-24 12:00:19 [DEBUG] o.s.b.f.s.DefaultListableBeanFactory - Creating shared instance of singleton bean 'characterEncodingFilter'
2021-09-24 12:00:19 [DEBUG] o.s.b.w.s.ServletContextInitializerBeans - Mapping filters: characterEncodingFilter urls=[/*] order=-2147483648, formContentFilter urls=[/*] order=-9900, requestContextFilter urls=[/*] order=-105
2021-09-24 12:00:19 [DEBUG] o.s.b.w.s.ServletContextInitializerBeans - Mapping servlets: dispatcherServlet urls=[/]
2021-09-24 12:00:19 [DEBUG] o.s.b.w.s.f.OrderedRequestContextFilter - Filter 'requestContextFilter' configured for use
2021-09-24 12:00:19 [DEBUG] o.s.b.w.s.f.OrderedCharacterEncodingFilter - Filter 'characterEncodingFilter' configured for use
2021-09-24 12:00:19 [DEBUG] o.s.b.w.s.f.OrderedFormContentFilter - Filter 'formContentFilter' configured for use
2021-09-24 12:00:19 [DEBUG] o.s.b.f.s.DefaultListableBeanFactory - Creating shared instance of singleton bean 'gardenShopApplication'
2021-09-24 12:00:19 [DEBUG] o.s.b.f.s.DefaultListableBeanFactory - Creating shared instance of singleton bean 'webMvcConfig'
2021-09-24 12:00:19 [DEBUG] o.s.c.e.PropertySourcesPropertyResolver - Found key 'custom.genFileDirPath' in PropertySource 'Config resource 'class path resource [application.yml]' via location 'optional:classpath:/'' with value of type String
2021-09-24 12:00:19 [DEBUG] o.s.c.e.PropertySourcesPropertyResolver - Found key 'custom.genFileDirPath' in PropertySource 'environmentProperties' with value of type String
2021-09-24 12:00:19 [DEBUG] o.s.b.f.s.DefaultListableBeanFactory - Creating shared instance of singleton bean 'beforeActionInterceptor'
2021-09-24 12:00:19 [DEBUG] o.s.b.f.s.DefaultListableBeanFactory - Creating shared instance of singleton bean 'memberService'
2021-09-24 12:00:19 [DEBUG] o.s.b.f.s.DefaultListableBeanFactory - Creating shared instance of singleton bean 'memberDao'
2021-09-24 12:00:19 [DEBUG] o.s.b.f.s.DefaultListableBeanFactory - Creating shared instance of singleton bean 'sqlSessionFactory'
2021-09-24 12:00:19 [DEBUG] o.s.b.f.s.DefaultListableBeanFactory - Creating shared instance of singleton bean 'org.mybatis.spring.boot.autoconfigure.MybatisAutoConfiguration'
2021-09-24 12:00:19 [DEBUG] o.s.c.LocalVariableTableParameterNameDiscoverer - Cannot find '.class' file for class [class org.mybatis.spring.boot.autoconfigure.MybatisAutoConfiguration$$EnhancerBySpringCGLIB$$c0343868] - unable to determine constructor/method parameter names
2021-09-24 12:00:19 [DEBUG] o.s.b.f.s.DefaultListableBeanFactory - Creating shared instance of singleton bean 'mybatis-org.mybatis.spring.boot.autoconfigure.MybatisProperties'
2021-09-24 12:00:19 [DEBUG] o.s.b.f.s.DefaultListableBeanFactory - Autowiring by type from bean name 'org.mybatis.spring.boot.autoconfigure.MybatisAutoConfiguration' via constructor to bean named 'mybatis-org.mybatis.spring.boot.autoconfigure.MybatisProperties'
2021-09-24 12:00:19 [DEBUG] o.s.b.f.s.DefaultListableBeanFactory - Autowiring by type from bean name 'org.mybatis.spring.boot.autoconfigure.MybatisAutoConfiguration' via constructor to bean named 'org.springframework.boot.web.servlet.context.AnnotationConfigServletWebServerApplicationContext@20da6faf'
2021-09-24 12:00:19 [DEBUG] o.s.b.f.s.DefaultListableBeanFactory - Creating shared instance of singleton bean 'dataSource'
2021-09-24 12:00:19 [DEBUG] o.s.b.f.s.DefaultListableBeanFactory - Creating shared instance of singleton bean 'org.springframework.boot.autoconfigure.jdbc.DataSourceConfiguration$Hikari'
2021-09-24 12:00:19 [DEBUG] o.s.b.f.s.DefaultListableBeanFactory - Creating shared instance of singleton bean 'spring.datasource-org.springframework.boot.autoconfigure.jdbc.DataSourceProperties'
2021-09-24 12:00:19 [DEBUG] o.s.b.f.s.DefaultListableBeanFactory - Autowiring by type from bean name 'dataSource' via factory method to bean named 'spring.datasource-org.springframework.boot.autoconfigure.jdbc.DataSourceProperties'
2021-09-24 12:00:19 [DEBUG] com.zaxxer.hikari.HikariConfig - Driver class net.sf.log4jdbc.sql.jdbcapi.DriverSpy found in Thread context class loader org.springframework.boot.devtools.restart.classloader.RestartClassLoader@c98d3ec
2021-09-24 12:00:19 [DEBUG] log4jdbc.debug - log4jdbc-logj2 properties initialization...
2021-09-24 12:00:19 [DEBUG] log4jdbc.debug - Using logger: net.sf.log4jdbc.log.slf4j.Slf4jSpyLogDelegator
2021-09-24 12:00:19 [DEBUG] log4jdbc.debug - x log4jdbc.debug.stack.prefix is not defined
2021-09-24 12:00:19 [DEBUG] log4jdbc.debug - x log4jdbc.sqltiming.warn.threshold is not defined
2021-09-24 12:00:19 [DEBUG] log4jdbc.debug - x log4jdbc.sqltiming.error.threshold is not defined
2021-09-24 12:00:19 [DEBUG] log4jdbc.debug - x log4jdbc.dump.booleanastruefalse is not defined (using default value false)
2021-09-24 12:00:19 [DEBUG] log4jdbc.debug -   log4jdbc.dump.sql.maxlinelength = 0
2021-09-24 12:00:19 [DEBUG] log4jdbc.debug - x log4jdbc.dump.fulldebugstacktrace is not defined (using default value false)
2021-09-24 12:00:19 [DEBUG] log4jdbc.debug - x log4jdbc.statement.warn is not defined (using default value false)
2021-09-24 12:00:19 [DEBUG] log4jdbc.debug - x log4jdbc.dump.sql.select is not defined (using default value true)
2021-09-24 12:00:19 [DEBUG] log4jdbc.debug - x log4jdbc.dump.sql.insert is not defined (using default value true)
2021-09-24 12:00:19 [DEBUG] log4jdbc.debug - x log4jdbc.dump.sql.update is not defined (using default value true)
2021-09-24 12:00:19 [DEBUG] log4jdbc.debug - x log4jdbc.dump.sql.delete is not defined (using default value true)
2021-09-24 12:00:19 [DEBUG] log4jdbc.debug - x log4jdbc.dump.sql.create is not defined (using default value true)
2021-09-24 12:00:19 [DEBUG] log4jdbc.debug - x log4jdbc.dump.sql.addsemicolon is not defined (using default value false)
2021-09-24 12:00:19 [DEBUG] log4jdbc.debug - x log4jdbc.auto.load.popular.drivers is not defined (using default value true)
2021-09-24 12:00:19 [DEBUG] log4jdbc.debug - x log4jdbc.drivers is not defined
2021-09-24 12:00:19 [DEBUG] log4jdbc.debug - x log4jdbc.trim.sql is not defined (using default value true)
2021-09-24 12:00:19 [DEBUG] log4jdbc.debug - x log4jdbc.trim.sql.extrablanklines is not defined (using default value true)
2021-09-24 12:00:19 [DEBUG] log4jdbc.debug - x log4jdbc.suppress.generated.keys.exception is not defined (using default value false)
2021-09-24 12:00:19 [DEBUG] log4jdbc.debug - log4jdbc-logj2 properties initialization done.
2021-09-24 12:00:19 [DEBUG] log4jdbc.debug - DriverSpy intialization...
2021-09-24 12:00:19 [DEBUG] log4jdbc.debug -   FOUND DRIVER com.mysql.jdbc.Driver
2021-09-24 12:00:19 [DEBUG] log4jdbc.debug - DriverSpy intialization done.
2021-09-24 12:00:19 [DEBUG] o.s.b.f.s.DefaultListableBeanFactory - Creating shared instance of singleton bean 'org.springframework.boot.autoconfigure.jdbc.DataSourceInitializerInvoker'
2021-09-24 12:00:19 [DEBUG] o.s.b.f.s.DefaultListableBeanFactory - Autowiring by type from bean name 'org.springframework.boot.autoconfigure.jdbc.DataSourceInitializerInvoker' via constructor to bean named 'spring.datasource-org.springframework.boot.autoconfigure.jdbc.DataSourceProperties'
2021-09-24 12:00:19 [DEBUG] o.s.b.f.s.DefaultListableBeanFactory - Autowiring by type from bean name 'org.springframework.boot.autoconfigure.jdbc.DataSourceInitializerInvoker' via constructor to bean named 'org.springframework.boot.web.servlet.context.AnnotationConfigServletWebServerApplicationContext@20da6faf'
2021-09-24 12:00:19 [DEBUG] o.s.b.f.s.DefaultListableBeanFactory - Autowiring by type from bean name 'sqlSessionFactory' via factory method to bean named 'dataSource'
